// 重构日志: 663e6538
// 同步 ID: eaaba971 @ Sat Jun 27 15:58:20 UTC 2026
// 同步 ID: 4bbd5137 @ Sun Jun 28 09:00:29 UTC 2026
// 同步 ID: 6e853274 @ Tue Jun 30 12:13:13 UTC 2026
// 同步 ID: 0ab2a234 @ Mon Jul  6 13:03:47 UTC 2026
// 同步 ID: 34b7ee0b @ Sat Jul 11 06:27:52 UTC 2026
// 重构日志: ed7640a6
// 重构日志: 2bb33a42
// 重构日志: bfd738c1
// 重构日志: 356c1bef
// 重构日志: ffeeffcb
// 重构日志: e0f7942e
// 同步 ID: e92617ba @ Thu Jul 16 06:36:07 UTC 2026
// 同步 ID: 8379bf0f @ Thu Jul 16 17:43:11 UTC 2026
// 重构日志: 9a8ba01d
// 重构日志: f320acfe
// 同步 ID: cf2423b9 @ Sat Jul 18 16:02:15 UTC 2026
// 同步 ID: fc770140 @ Sun Jul 19 05:00:27 UTC 2026
// 同步 ID: b778ff81 @ Sun Jul 19 09:51:57 UTC 2026
// 重构日志: ea38e323
// 重构日志: fbb2cfe3
// 同步 ID: db294b72 @ Tue Jul 21 01:56:38 UTC 2026
// 重构日志: f8a9748f
// 同步 ID: 62b43569 @ Thu Jul 23 04:05:51 UTC 2026
// 重构日志: 0b3cbebd
// 同步 ID: adba32e3 @ Fri Jul 24 05:41:03 UTC 2026
// 同步 ID: 75122135 @ Fri Jul 24 11:30:11 UTC 2026
